<?xml version="1.0" encoding="UTF-8"?>
<testng-results ignored="0" total="1" passed="1" failed="0" skipped="0">
  <reporter-output>
  </reporter-output>
  <suite started-at="2022-11-24T15:07:13 PKT" name="Default suite" finished-at="2022-11-24T15:07:22 PKT" duration-ms="8287">
    <groups>
    </groups>
    <test started-at="2022-11-24T15:07:13 PKT" name="Default test" finished-at="2022-11-24T15:07:22 PKT" duration-ms="8287">
      <class name="com.testcases.APITesting.APITest">
        <test-method signature="config()[pri:0, instance:com.testcases.APITesting.APITest@161b062a]" started-at="2022-11-24T15:07:14 PKT" name="config" finished-at="2022-11-24T15:07:22 PKT" duration-ms="8093" status="PASS">
          <reporter-output>
          </reporter-output>
        </test-method> <!-- config -->
      </class> <!-- com.testcases.APITesting.APITest -->
    </test> <!-- Default test -->
  </suite> <!-- Default suite -->
</testng-results>
